Descartes' Trace Log  Ver 1.0   Time: Sat Aug 13 11:44:22 1994
--------------------------------------------------------------

  #####   Beginning   #####


Descartes specification file: "/tmp_mnt/home/borg3/franklin/thesis/descartes/win/recursion.des.
Log file:                     "/tmp_mnt/home/borg3/franklin/thesis/descartes/win/recursion.log.

Contents of the Descartes specification file:
123


Module Title REVERSAL_OF_(STRING)
$reference direct product - STRING
__(aDP_first) Direct Product STRING
 >> Go to Node first
$match direct product - first
__(aDP_first) Direct Product first
 >> Go to Node DIGIT
$reference direct product - DIGIT
(ADP)_Node DIGIT
__(ADP_first)Node DIGIT
 => Successful matching with module call
 -> Forward input buffer pointer to location 1
 << Back to Node first
$match direct product - first
__(aDP_succeed) Direct Product first
__(aDP_succeed) Direct Product first
 << Succeed; Back to Node STRING
$reference direct product - STRING
__(aDP_succeed) Direct Product STRING
__(aDP_succeed) Direct Product STRING
 >> Succeed; Go to Node rest
$match direct product - rest
__(aDP_first) Direct Product rest
 >> Go to Node some(0.. )
__(AS_first) Sequence Node some(0.. )
A sequecne pointer1 1
Input_File 1 1
 <<(Suc_2) Succeed; Back to node rest
$match direct product - rest
__(aDP_succeed) Direct Product rest
__(aDP_succeed) Direct Product rest
 << Succeed; Back to Node STRING
$reference direct product - STRING
__(aDP_succeed) Direct Product STRING
__(aDP_succeed) Direct Product STRING
 >> Succeed; Go to Node NL
$reference direct product - NL
(ADP)_Node NL
__(ADP_first)Node NL
 => Unsuccessful matching with module call
 << Back to Node STRING
$reference direct product - STRING
__(aDP_fail) Direct Product STRING
 ?? Try to check node rest
$match direct product - rest
__(aDP_next) Direct Product rest
 >> Go to the last processed some(0.. ) under node rest
__(AS_next) Sequence Node some(0.. )
 >> (No. < upper) Go to node DIGIT
$reference direct product - DIGIT
(ADP)_Node DIGIT
__(ADP_first)Node DIGIT
 => Successful matching with module call
 -> Forward input buffer pointer to location 2
 << Back to Node some(0.. )
__(AS_succeed) Sequence Node some(0.. )
B sequecne pointer1 2
A sequecne pointer2 2
Input_File 1 2
 <<(Suc_4) Succeed; Back to node rest
A sequecne pointer1 2
$match direct product - rest
__(aDP_succeed) Direct Product rest
__(aDP_succeed) Direct Product rest
 << Succeed; Back to Node STRING
$reference direct product - STRING
__(aDP_succeed) Direct Product STRING
__(aDP_succeed) Direct Product STRING
 >> Succeed; Go to Node NL
$reference direct product - NL
(ADP)_Node NL
__(ADP_first)Node NL
 => Unsuccessful matching with module call
 << Back to Node STRING
$reference direct product - STRING
__(aDP_fail) Direct Product STRING
 ?? Try to check node rest
$match direct product - rest
__(aDP_next) Direct Product rest
 >> Go to the last processed some(0.. ) under node rest
__(AS_next) Sequence Node some(0.. )
 >> (No. < upper) Go to node DIGIT
$reference direct product - DIGIT
(ADP)_Node DIGIT
__(ADP_first)Node DIGIT
 => Successful matching with module call
 -> Forward input buffer pointer to location 3

 !!!assign value to prev_stack_element
 << Back to Node some(0.. )
__(AS_succeed) Sequence Node some(0.. )
B sequecne pointer2 3
A sequecne pointer3 3
Input_File 1 3
 <<(Suc_4) Succeed; Back to node rest
A sequecne pointer2 3
$match direct product - rest
__(aDP_succeed) Direct Product rest
__(aDP_succeed) Direct Product rest
 << Succeed; Back to Node STRING
$reference direct product - STRING
__(aDP_succeed) Direct Product STRING
__(aDP_succeed) Direct Product STRING
 >> Succeed; Go to Node NL
$reference direct product - NL
(ADP)_Node NL
__(ADP_first)Node NL
 => Successful matching with module call
 -> Forward input buffer pointer to location 4
 << Back to Node STRING
$reference direct product - STRING
__(aDP_succeed) Direct Product STRING
__(aDP_succeed) Direct Product STRING
 << Succeed; Back to Node REVERSAL_OF_(STRING)
The analysis procedure was successful.
Continue synthesis procedure.
$match direct product - return
__(sDP_first) Direct Product return
 >> Go to Node SOME
$reference direct product - SOME
__(sDP_first) Direct Product SOME
match node->some(0.. ) SOME
 >> Go to Node REVERSAL_OF_(REST)
$reference direct product - REVERSAL_OF_(REST)
(SDP)_Node REVERSAL_OF_(REST)
__(SDP_first)Node REVERSAL_OF_(REST)
__(SM_first) module REVERSAL_OF_(REST)
__(SDP1_first)Node REST
23 => Found a corresponding match node


  ##### THE BEGINNING SUB MODULE #####


The name of the Descartes specification is [/tmp_mnt/home/borg3/franklin/thesis/descartes/win/recursion.des].

Module Title REVERSAL_OF_(STRING)
$reference direct product - STRING
__(aDP_first) Direct Product STRING
 >> Go to Node first
$match direct product - first
__(aDP_first) Direct Product first
 >> Go to Node DIGIT
$reference direct product - DIGIT
(ADP)_Node DIGIT
__(ADP_first)Node DIGIT
 => Successful matching with module call
 -> Forward input buffer pointer to location 1
 << Back to Node first
$match direct product - first
__(aDP_succeed) Direct Product first
__(aDP_succeed) Direct Product first
 << Succeed; Back to Node STRING
$reference direct product - STRING
__(aDP_succeed) Direct Product STRING
__(aDP_succeed) Direct Product STRING
 >> Succeed; Go to Node rest
$match direct product - rest
__(aDP_first) Direct Product rest
 >> Go to Node some(0.. )
__(AS_first) Sequence Node some(0.. )
A sequecne pointer1 1
Input_File 1 1
 <<(Suc_2) Succeed; Back to node rest
$match direct product - rest
__(aDP_succeed) Direct Product rest
__(aDP_succeed) Direct Product rest
 << Succeed; Back to Node STRING
$reference direct product - STRING
__(aDP_succeed) Direct Product STRING
__(aDP_succeed) Direct Product STRING
 >> Succeed; Go to Node NL
$reference direct product - NL
(ADP)_Node NL
__(ADP_first)Node NL
 => Unsuccessful matching with module call
 << Back to Node STRING
$reference direct product - STRING
__(aDP_fail) Direct Product STRING
 ?? Try to check node rest
$match direct product - rest
__(aDP_next) Direct Product rest
 >> Go to the last processed some(0.. ) under node rest
__(AS_next) Sequence Node some(0.. )
 >> (No. < upper) Go to node DIGIT
$reference direct product - DIGIT
(ADP)_Node DIGIT
__(ADP_first)Node DIGIT
 => Successful matching with module call
 -> Forward input buffer pointer to location 2
 << Back to Node some(0.. )
__(AS_succeed) Sequence Node some(0.. )
B sequecne pointer1 2
A sequecne pointer2 2
Input_File 1 2
 <<(Suc_4) Succeed; Back to node rest
A sequecne pointer1 2
$match direct product - rest
__(aDP_succeed) Direct Product rest
__(aDP_succeed) Direct Product rest
 << Succeed; Back to Node STRING
$reference direct product - STRING
__(aDP_succeed) Direct Product STRING
__(aDP_succeed) Direct Product STRING
 >> Succeed; Go to Node NL
$reference direct product - NL
(ADP)_Node NL
__(ADP_first)Node NL
 => Successful matching with module call
 -> Forward input buffer pointer to location 3
 << Back to Node STRING
$reference direct product - STRING
__(aDP_succeed) Direct Product STRING
__(aDP_succeed) Direct Product STRING
 << Succeed; Back to Node REVERSAL_OF_(STRING)
The analysis procedure was successful.
Continue synthesis procedure.
$match direct product - return
__(sDP_first) Direct Product return
 >> Go to Node SOME
$reference direct product - SOME
__(sDP_first) Direct Product SOME
match node->some(0.. ) SOME
 >> Go to Node REVERSAL_OF_(REST)
$reference direct product - REVERSAL_OF_(REST)
(SDP)_Node REVERSAL_OF_(REST)
__(SDP_first)Node REVERSAL_OF_(REST)
__(SM_first) module REVERSAL_OF_(REST)
__(SDP1_first)Node REST
3 => Found a corresponding match node


  ##### THE BEGINNING SUB MODULE #####


The name of the Descartes specification is [/tmp_mnt/home/borg3/franklin/thesis/descartes/win/recursion.des].

Module Title REVERSAL_OF_(STRING)
$reference direct product - STRING
__(aDP_first) Direct Product STRING
 >> Go to Node first
$match direct product - first
__(aDP_first) Direct Product first
 >> Go to Node DIGIT
$reference direct product - DIGIT
(ADP)_Node DIGIT
__(ADP_first)Node DIGIT
 => Successful matching with module call
 -> Forward input buffer pointer to location 1
 << Back to Node first
$match direct product - first
__(aDP_succeed) Direct Product first
__(aDP_succeed) Direct Product first
 << Succeed; Back to Node STRING
$reference direct product - STRING
__(aDP_succeed) Direct Product STRING
__(aDP_succeed) Direct Product STRING
 >> Succeed; Go to Node rest
$match direct product - rest
__(aDP_first) Direct Product rest
 >> Go to Node some(0.. )
__(AS_first) Sequence Node some(0.. )
A sequecne pointer1 1
Input_File 1 1
 <<(Suc_2) Succeed; Back to node rest
$match direct product - rest
__(aDP_succeed) Direct Product rest
__(aDP_succeed) Direct Product rest
 << Succeed; Back to Node STRING
$reference direct product - STRING
__(aDP_succeed) Direct Product STRING
__(aDP_succeed) Direct Product STRING
 >> Succeed; Go to Node NL
$reference direct product - NL
(ADP)_Node NL
__(ADP_first)Node NL
 => Successful matching with module call
 -> Forward input buffer pointer to location 2
 << Back to Node STRING
$reference direct product - STRING
__(aDP_succeed) Direct Product STRING
__(aDP_succeed) Direct Product STRING
 << Succeed; Back to Node REVERSAL_OF_(STRING)
The analysis procedure was successful.
Continue synthesis procedure.
$match direct product - return
__(sDP_first) Direct Product return
 >> Go to Node SOME
$reference direct product - SOME
__(sDP_first) Direct Product SOME
match node->some(0.. ) SOME
 >> Go to Node REVERSAL_OF_(REST)
$reference direct product - REVERSAL_OF_(REST)
(SDP)_Node REVERSAL_OF_(REST)
__(SDP_first)Node REVERSAL_OF_(REST)
__(SM_first) module REVERSAL_OF_(REST)
__(SDP1_first)Node REST
 => Found a corresponding match node
 => Found a corresponding match node
 SUCCEED11<< Back to Node REVERSAL_OF_(REST)
 << Back to Node SOME
$reference direct product - SOME
__(sDP_succeed) Direct Product SOME
 << Succeed; Back to Node return
$match direct product - return
__(sDP_succeed) Direct Product return
 >> Succeed; Go to Node FIRST
$reference direct product - FIRST
__(sDP_first) Direct Product FIRST
match node->first FIRST
 >> Go to Node error_node+
$match discriminated union - error_node+
__(SDU_first) Discriminated Union error_node+
